Using pre-set license
Built from '2020.2/release' branch; Version is '2020.2.2f1 (068178b99f32) revision 426360'; Using compiler version '192528614'; Build Type 'Release'
OS: 'Windows 10 Education N; OS build 19042.928; Version 2009; 64bit' Language: 'es' Physical Memory: 23466 MB
BatchMode: 1, IsHumanControllingUs: 0, StartBugReporterOnCrash: 0, Is64bit: 1, IsPro: 0

 COMMAND LINE ARGUMENTS:
C:\Program Files\Unity\Hub\Editor\2020.2.2f1\Editor\Unity.exe
-adb2
-batchMode
-noUpm
-name
AssetImportWorker0
-projectPath
C:/Users/Jesus/Documents/GitHub/P9_2DGame/P9_2DGame
-logFile
Logs/AssetImportWorker0.log
-srvPort
55788
Successfully changed project path to: C:/Users/Jesus/Documents/GitHub/P9_2DGame/P9_2DGame
C:/Users/Jesus/Documents/GitHub/P9_2DGame/P9_2DGame
Using Asset Import Pipeline V2.
Refreshing native plugins compatible for Editor in 66.83 ms, found 1 plugins.
Preloading 0 native plugins for Editor in 0.00 ms.
Initialize engine version: 2020.2.2f1 (068178b99f32)
[Subsystems] Discovering subsystems at path C:/Program Files/Unity/Hub/Editor/2020.2.2f1/Editor/Data/Resources/UnitySubsystems
[Subsystems] Discovering subsystems at path C:/Users/Jesus/Documents/GitHub/P9_2DGame/P9_2DGame/Assets
GfxDevice: creating device client; threaded=0
Direct3D:
    Version:  Direct3D 11.0 [level 11.1]
    Renderer: Radeon RX 560 Series (ID=0x67ff)
    Vendor:   
    VRAM:     4075 MB
    Driver:   27.20.14535.1000
Initialize mono
Mono path[0] = 'C:/Program Files/Unity/Hub/Editor/2020.2.2f1/Editor/Data/Managed'
Mono path[1] = 'C:/Program Files/Unity/Hub/Editor/2020.2.2f1/Editor/Data/MonoBleedingEdge/lib/mono/unityjit'
Mono config path = 'C:/Program Files/Unity/Hub/Editor/2020.2.2f1/Editor/Data/MonoBleedingEdge/etc'
Using monoOptions --debugger-agent=transport=dt_socket,embedding=1,server=y,suspend=n,address=127.0.0.1:56708
Begin MonoManager ReloadAssembly
Registering precompiled unity dll's ...
Register platform support module: C:/Program Files/Unity/Hub/Editor/2020.2.2f1/Editor/Data/PlaybackEngines/WindowsStandaloneSupport/UnityEditor.WindowsStandalone.Extensions.dll
Registered in 0.003412 seconds.
Native extension for WindowsStandalone target not found
Refreshing native plugins compatible for Editor in 63.63 ms, found 1 plugins.
Preloading 0 native plugins for Editor in 0.00 ms.
Invoked RoslynAnalysisRunner static constructor.
RoslynAnalysisRunner will not be running.
RoslynAnalysisRunner has terminated.
Mono: successfully reloaded assembly
- Completed reload, in  3.204 seconds
Platform modules already initialized, skipping
Registering precompiled user dll's ...
Registered in 0.001745 seconds.
Begin MonoManager ReloadAssembly
Native extension for WindowsStandalone target not found
Refreshing native plugins compatible for Editor in 63.99 ms, found 1 plugins.
Preloading 0 native plugins for Editor in 0.00 ms.
Invoked RoslynAnalysisRunner static constructor.
RoslynAnalysisRunner will not be running.
RoslynAnalysisRunner has terminated.
Mono: successfully reloaded assembly
- Completed reload, in  1.680 seconds
Platform modules already initialized, skipping
========================================================================
Worker process is ready to serve import requests
Launched and connected shader compiler UnityShaderCompiler.exe after 0.07 seconds
Refreshing native plugins compatible for Editor in 0.55 ms, found 1 plugins.
Preloading 0 native plugins for Editor in 0.00 ms.
Unloading 1793 Unused Serialized files (Serialized files now loaded: 0)
System memory in use before: 84.3 MB.
System memory in use after: 84.3 MB.

Unloading 23 unused Assets to reduce memory usage. Loaded Objects now: 2236.
Total: 4.625800 ms (FindLiveObjects: 0.347400 ms CreateObjectMapping: 0.088300 ms MarkObjects: 4.010900 ms  DeleteObjects: 0.177300 ms)

========================================================================
Received Import Request.
  path: Assets/Jojo Jungle Pack v4.0/SpriteSheets/boss/BossHead-static.png
  artifactKey: Guid(c2703b423b6632f40a6e338fd35d3f54) Importer(815301076,1909f56bfc062723c751e8b465ee728b)
Start importing Assets/Jojo Jungle Pack v4.0/SpriteSheets/boss/BossHead-static.png using Guid(c2703b423b6632f40a6e338fd35d3f54) Importer(815301076,1909f56bfc062723c751e8b465ee728b)  -> (artifact id: '81d160828ba7a10f579ac60de462eaea') in 0.228915 seconds
  Import took 0.232771 seconds .

========================================================================
Received Import Request.
  Time since last request: 0.000354 seconds.
  path: Assets/Jojo Jungle Pack v4.0/SpriteSheets/boss/sParticlesLaser.png
  artifactKey: Guid(4afb6c6d2acd95e42b7994abac0fc50f) Importer(815301076,1909f56bfc062723c751e8b465ee728b)
Start importing Assets/Jojo Jungle Pack v4.0/SpriteSheets/boss/sParticlesLaser.png using Guid(4afb6c6d2acd95e42b7994abac0fc50f) Importer(815301076,1909f56bfc062723c751e8b465ee728b)  -> (artifact id: 'd71213d5893839325341c0ceb5f6cd11') in 0.020237 seconds
  Import took 0.024162 seconds .

========================================================================
Received Import Request.
  Time since last request: 0.000277 seconds.
  path: Assets/Jojo Jungle Pack v4.0/SpriteSheets/boss/BossScreen_rockcache.png
  artifactKey: Guid(2f1ab75349d42864d9543d7e728f2cd9) Importer(815301076,1909f56bfc062723c751e8b465ee728b)
Start importing Assets/Jojo Jungle Pack v4.0/SpriteSheets/boss/BossScreen_rockcache.png using Guid(2f1ab75349d42864d9543d7e728f2cd9) Importer(815301076,1909f56bfc062723c751e8b465ee728b)  -> (artifact id: '0aa68f4a19138baa62c8e24789863dba') in 0.022639 seconds
  Import took 0.026173 seconds .

========================================================================
Received Import Request.
  Time since last request: 0.000313 seconds.
  path: Assets/Jojo Jungle Pack v4.0/SpriteSheets/boss/BossScreen_rockBG.png
  artifactKey: Guid(f274b09aec6367f4491a3422b48d2358) Importer(815301076,1909f56bfc062723c751e8b465ee728b)
Start importing Assets/Jojo Jungle Pack v4.0/SpriteSheets/boss/BossScreen_rockBG.png using Guid(f274b09aec6367f4491a3422b48d2358) Importer(815301076,1909f56bfc062723c751e8b465ee728b)  -> (artifact id: 'fb1ef8c0f774c808c43e85830dbe3dd8') in 0.020605 seconds
  Import took 0.025048 seconds .

========================================================================
Received Import Request.
  Time since last request: 0.000316 seconds.
  path: Assets/Jojo Jungle Pack v4.0/SpriteSheets/boss/BossScreen_rockcache2.png
  artifactKey: Guid(4b89f9af9845d9e42ae121004a74c0dd) Importer(815301076,1909f56bfc062723c751e8b465ee728b)
Start importing Assets/Jojo Jungle Pack v4.0/SpriteSheets/boss/BossScreen_rockcache2.png using Guid(4b89f9af9845d9e42ae121004a74c0dd) Importer(815301076,1909f56bfc062723c751e8b465ee728b)  -> (artifact id: 'c364a4e3ce7dfcb8baf815836a759c43') in 0.022627 seconds
  Import took 0.028157 seconds .

========================================================================
Received Import Request.
  Time since last request: 0.000390 seconds.
  path: Assets/Jojo Jungle Pack v4.0/SpriteSheets/boss/Boss_Fire.png
  artifactKey: Guid(ca42451a2faad3242889fb1f9d0445d3) Importer(815301076,1909f56bfc062723c751e8b465ee728b)
Start importing Assets/Jojo Jungle Pack v4.0/SpriteSheets/boss/Boss_Fire.png using Guid(ca42451a2faad3242889fb1f9d0445d3) Importer(815301076,1909f56bfc062723c751e8b465ee728b)  -> (artifact id: '74e45c1d77fe920005b24d0a7b87e92b') in 0.018424 seconds
  Import took 0.022880 seconds .

========================================================================
Received Import Request.
  Time since last request: 0.000293 seconds.
  path: Assets/Jojo Jungle Pack v4.0/SpriteSheets/boss/Boss_laser.png
  artifactKey: Guid(6d88aa89e45ef384cb9d5cedfa36fddc) Importer(815301076,1909f56bfc062723c751e8b465ee728b)
Start importing Assets/Jojo Jungle Pack v4.0/SpriteSheets/boss/Boss_laser.png using Guid(6d88aa89e45ef384cb9d5cedfa36fddc) Importer(815301076,1909f56bfc062723c751e8b465ee728b)  -> (artifact id: 'f7659b640a0953176ba595b01e5477ce') in 0.018201 seconds
  Import took 0.021669 seconds .

========================================================================
Received Import Request.
  Time since last request: 0.000390 seconds.
  path: Assets/Jojo Jungle Pack v4.0/SpriteSheets/boss/sparks.png
  artifactKey: Guid(996693225ae111a41a0eb196bf5115d8) Importer(815301076,1909f56bfc062723c751e8b465ee728b)
Start importing Assets/Jojo Jungle Pack v4.0/SpriteSheets/boss/sparks.png using Guid(996693225ae111a41a0eb196bf5115d8) Importer(815301076,1909f56bfc062723c751e8b465ee728b)  -> (artifact id: '74107ffa679babdc7e931d68c5d44508') in 0.021697 seconds
  Import took 0.025630 seconds .

========================================================================
Received Import Request.
  Time since last request: 0.000282 seconds.
  path: Assets/Jojo Jungle Pack v4.0/SpriteSheets/boss/BossBodyIdle.png
  artifactKey: Guid(d004809720a45a947b62031b14995f26) Importer(815301076,1909f56bfc062723c751e8b465ee728b)
Start importing Assets/Jojo Jungle Pack v4.0/SpriteSheets/boss/BossBodyIdle.png using Guid(d004809720a45a947b62031b14995f26) Importer(815301076,1909f56bfc062723c751e8b465ee728b)  -> (artifact id: '3bcf5613294dddb9f0b63c95dc47a8bb') in 0.022928 seconds
  Import took 0.027740 seconds .

========================================================================
Received Import Request.
  Time since last request: 0.000395 seconds.
  path: Assets/Jojo Jungle Pack v4.0/SpriteSheets/boss/BossHeadIdle.png
  artifactKey: Guid(8b5df1e5dfef8d2449e841e2a6feeebb) Importer(815301076,1909f56bfc062723c751e8b465ee728b)
Start importing Assets/Jojo Jungle Pack v4.0/SpriteSheets/boss/BossHeadIdle.png using Guid(8b5df1e5dfef8d2449e841e2a6feeebb) Importer(815301076,1909f56bfc062723c751e8b465ee728b)  -> (artifact id: 'acd7d9ea582ce0b1ebbe3a1323c1a03c') in 0.018482 seconds
  Import took 0.022193 seconds .

========================================================================
Received Import Request.
  Time since last request: 0.000351 seconds.
  path: Assets/Jojo Jungle Pack v4.0/SpriteSheets/boss/BossStatic.png
  artifactKey: Guid(b2918209a6f27f343aa9fdfe94e95359) Importer(815301076,1909f56bfc062723c751e8b465ee728b)
Start importing Assets/Jojo Jungle Pack v4.0/SpriteSheets/boss/BossStatic.png using Guid(b2918209a6f27f343aa9fdfe94e95359) Importer(815301076,1909f56bfc062723c751e8b465ee728b)  -> (artifact id: '13abd772413ba9e0519eb24af39b3fbd') in 0.018180 seconds
  Import took 0.021494 seconds .

========================================================================
Received Import Request.
  Time since last request: 0.000257 seconds.
  path: Assets/Jojo Jungle Pack v4.0/SpriteSheets/boss/Boss_Fire_Expl.png
  artifactKey: Guid(f7db5c86111bc5e499400d68f59f4613) Importer(815301076,1909f56bfc062723c751e8b465ee728b)
Start importing Assets/Jojo Jungle Pack v4.0/SpriteSheets/boss/Boss_Fire_Expl.png using Guid(f7db5c86111bc5e499400d68f59f4613) Importer(815301076,1909f56bfc062723c751e8b465ee728b)  -> (artifact id: '6f227e808ae0d427adcf6912d7df3099') in 0.029254 seconds
  Import took 0.033144 seconds .

========================================================================
Received Import Request.
  Time since last request: 0.000299 seconds.
  path: Assets/Jojo Jungle Pack v4.0/SpriteSheets/boss/BossScreen_Anim_intro.png
  artifactKey: Guid(151409dcbadf78242849dc7b2f779cb8) Importer(815301076,1909f56bfc062723c751e8b465ee728b)
Start importing Assets/Jojo Jungle Pack v4.0/SpriteSheets/boss/BossScreen_Anim_intro.png using Guid(151409dcbadf78242849dc7b2f779cb8) Importer(815301076,1909f56bfc062723c751e8b465ee728b)  -> (artifact id: 'b647b5e1ad5f0f1ec01a09dad9c54fbc') in 0.025777 seconds
  Import took 0.029423 seconds .

========================================================================
Received Import Request.
  Time since last request: 0.000273 seconds.
  path: Assets/Jojo Jungle Pack v4.0/SpriteSheets/boss/Boss_Fire360_spritesheet.png
  artifactKey: Guid(30ce8aa520edef54bacac5ad6e8e4628) Importer(815301076,1909f56bfc062723c751e8b465ee728b)
Start importing Assets/Jojo Jungle Pack v4.0/SpriteSheets/boss/Boss_Fire360_spritesheet.png using Guid(30ce8aa520edef54bacac5ad6e8e4628) Importer(815301076,1909f56bfc062723c751e8b465ee728b)  -> (artifact id: '33ac878189f8b444d459d037c6da78ba') in 0.019162 seconds
  Import took 0.022459 seconds .

========================================================================
Received Import Request.
  Time since last request: 0.000331 seconds.
  path: Assets/Jojo Jungle Pack v4.0/SpriteSheets/boss/BossBody-static.png
  artifactKey: Guid(dbb5ab04a22390e4cbd6044dbc30097f) Importer(815301076,1909f56bfc062723c751e8b465ee728b)
Start importing Assets/Jojo Jungle Pack v4.0/SpriteSheets/boss/BossBody-static.png using Guid(dbb5ab04a22390e4cbd6044dbc30097f) Importer(815301076,1909f56bfc062723c751e8b465ee728b)  -> (artifact id: '697d942897d951144835bf5db736b932') in 0.025954 seconds
  Import took 0.030813 seconds .

========================================================================
Received Import Request.
  Time since last request: 0.000267 seconds.
  path: Assets/Jojo Jungle Pack v4.0/SpriteSheets/boss/BossScreen_Anim_openmouth_fire.png
  artifactKey: Guid(01effa788e571484c94897b69ec7cf70) Importer(815301076,1909f56bfc062723c751e8b465ee728b)
Start importing Assets/Jojo Jungle Pack v4.0/SpriteSheets/boss/BossScreen_Anim_openmouth_fire.png using Guid(01effa788e571484c94897b69ec7cf70) Importer(815301076,1909f56bfc062723c751e8b465ee728b)  -> (artifact id: '9eba6d0b55b39116078414456c8e81ba') in 0.016470 seconds
  Import took 0.021795 seconds .

========================================================================
Received Import Request.
  Time since last request: 175.577266 seconds.
  path: Assets/Jojo Jungle Pack v4.0/SpriteSheets/titlescreen
  artifactKey: Guid(55fbd9583e1098042a16d3d4e2ee6b15) Importer(815301076,1909f56bfc062723c751e8b465ee728b)
Start importing Assets/Jojo Jungle Pack v4.0/SpriteSheets/titlescreen using Guid(55fbd9583e1098042a16d3d4e2ee6b15) Importer(815301076,1909f56bfc062723c751e8b465ee728b)  -> (artifact id: 'a624aefe66ed59ac2dda2b1f179218e4') in 0.008102 seconds
  Import took 0.011659 seconds .

========================================================================
Received Import Request.
  Time since last request: 55.312051 seconds.
  path: Assets/Jojo Jungle Pack v4.0/SpriteSheets
  artifactKey: Guid(ed29caf91e4416744a6162206bb43138) Importer(815301076,1909f56bfc062723c751e8b465ee728b)
Start importing Assets/Jojo Jungle Pack v4.0/SpriteSheets using Guid(ed29caf91e4416744a6162206bb43138) Importer(815301076,1909f56bfc062723c751e8b465ee728b)  -> (artifact id: 'c8474977e48920b866112c695af38a37') in 0.010661 seconds
  Import took 0.014283 seconds .

========================================================================
Received Import Request.
  Time since last request: 80.262989 seconds.
  path: Assets/Sounds
  artifactKey: Guid(414d24aadde07114a93bbbba79bad358) Importer(815301076,1909f56bfc062723c751e8b465ee728b)
Start importing Assets/Sounds using Guid(414d24aadde07114a93bbbba79bad358) Importer(815301076,1909f56bfc062723c751e8b465ee728b)  -> (artifact id: '790133bee47734fa614b2e887574322a') in 0.010081 seconds
  Import took 0.013930 seconds .

========================================================================
Received Import Request.
  Time since last request: 43.953975 seconds.
  path: Assets/Sounds/snd_blowup.ogg
  artifactKey: Guid(4af606d8faee5ed4c831e4186789c870) Importer(815301076,1909f56bfc062723c751e8b465ee728b)
Start importing Assets/Sounds/snd_blowup.ogg using Guid(4af606d8faee5ed4c831e4186789c870) Importer(815301076,1909f56bfc062723c751e8b465ee728b)  -> (artifact id: 'ec2b8c6686639645a33f531b13924705') in 0.045090 seconds
  Import took 0.048841 seconds .

========================================================================
Received Import Request.
  Time since last request: 0.000465 seconds.
  path: Assets/Sounds/snd_explosion_earth.ogg
  artifactKey: Guid(dd3d6ab831323854c8b7aba6936b955c) Importer(815301076,1909f56bfc062723c751e8b465ee728b)
Start importing Assets/Sounds/snd_explosion_earth.ogg using Guid(dd3d6ab831323854c8b7aba6936b955c) Importer(815301076,1909f56bfc062723c751e8b465ee728b)  -> (artifact id: 'dfaade5843d9fd2b6d2c9acfe0c73d54') in 0.017277 seconds
  Import took 0.020607 seconds .

========================================================================
Received Import Request.
  Time since last request: 0.000306 seconds.
  path: Assets/Sounds/snd_bomb.ogg
  artifactKey: Guid(bb29c613bdf094243a3c7f5da9692286) Importer(815301076,1909f56bfc062723c751e8b465ee728b)
Start importing Assets/Sounds/snd_bomb.ogg using Guid(bb29c613bdf094243a3c7f5da9692286) Importer(815301076,1909f56bfc062723c751e8b465ee728b)  -> (artifact id: '7dd215eb1f3a5820cd8c653a27f15352') in 0.016684 seconds
  Import took 0.020204 seconds .

========================================================================
Received Import Request.
  Time since last request: 0.000402 seconds.
  path: Assets/Sounds/snd_boss_music.ogg
  artifactKey: Guid(d7b23dc2c37c2a74cb13d6d6d6f88f8f) Importer(815301076,1909f56bfc062723c751e8b465ee728b)
Start importing Assets/Sounds/snd_boss_music.ogg using Guid(d7b23dc2c37c2a74cb13d6d6d6f88f8f) Importer(815301076,1909f56bfc062723c751e8b465ee728b)  -> (artifact id: 'f5f08301e557dd62dc5a8bfcf8062088') in 0.016283 seconds
  Import took 0.019501 seconds .

========================================================================
Received Import Request.
  Time since last request: 0.000315 seconds.
  path: Assets/Sounds/snd_explosion_ground.ogg
  artifactKey: Guid(941ca287d17366f48b8a0fb92a7c2f40) Importer(815301076,1909f56bfc062723c751e8b465ee728b)
Start importing Assets/Sounds/snd_explosion_ground.ogg using Guid(941ca287d17366f48b8a0fb92a7c2f40) Importer(815301076,1909f56bfc062723c751e8b465ee728b)  -> (artifact id: '01c2306b06c63f83a97d9b001f63bf15') in 0.017035 seconds
  Import took 0.020307 seconds .

========================================================================
Received Import Request.
  Time since last request: 0.000302 seconds.
  path: Assets/Sounds/snd_bossintro.ogg
  artifactKey: Guid(ba9f7085189dad6419b61044618667f5) Importer(815301076,1909f56bfc062723c751e8b465ee728b)
Start importing Assets/Sounds/snd_bossintro.ogg using Guid(ba9f7085189dad6419b61044618667f5) Importer(815301076,1909f56bfc062723c751e8b465ee728b)  -> (artifact id: '18af073f00ae3909180ad97b00b567e6') in 0.018446 seconds
  Import took 0.021872 seconds .

========================================================================
Received Import Request.
  Time since last request: 0.000365 seconds.
  path: Assets/Sounds/snd_explosion_solid.ogg
  artifactKey: Guid(cb62259f2dd926549b5b2931a24f6350) Importer(815301076,1909f56bfc062723c751e8b465ee728b)
Start importing Assets/Sounds/snd_explosion_solid.ogg using Guid(cb62259f2dd926549b5b2931a24f6350) Importer(815301076,1909f56bfc062723c751e8b465ee728b)  -> (artifact id: '025b7b02e8469156b94a6b6a6548228d') in 0.016997 seconds
  Import took 0.020608 seconds .

========================================================================
Received Import Request.
  Time since last request: 0.000435 seconds.
  path: Assets/Sounds/snd_hurt.ogg
  artifactKey: Guid(dd6b03c5558c6ba449f8b533c13de31e) Importer(815301076,1909f56bfc062723c751e8b465ee728b)
Start importing Assets/Sounds/snd_hurt.ogg using Guid(dd6b03c5558c6ba449f8b533c13de31e) Importer(815301076,1909f56bfc062723c751e8b465ee728b)  -> (artifact id: '350c5531e008d2c0c65abb9c7d7a56f2') in 0.016702 seconds
  Import took 0.020460 seconds .

========================================================================
Received Import Request.
  Time since last request: 0.000253 seconds.
  path: Assets/Sounds/snd_end_drums.ogg
  artifactKey: Guid(cccb7b1202ce72b4581dac2607970c78) Importer(815301076,1909f56bfc062723c751e8b465ee728b)
Start importing Assets/Sounds/snd_end_drums.ogg using Guid(cccb7b1202ce72b4581dac2607970c78) Importer(815301076,1909f56bfc062723c751e8b465ee728b)  -> (artifact id: 'af7001c5e9f7b41600762d4006bc4a67') in 0.017231 seconds
  Import took 0.020657 seconds .

========================================================================
Received Import Request.
  Time since last request: 0.000450 seconds.
  path: Assets/Sounds/snd_danger.ogg
  artifactKey: Guid(ed910b2b3938b22498d0e2a6dd16ac27) Importer(815301076,1909f56bfc062723c751e8b465ee728b)
Start importing Assets/Sounds/snd_danger.ogg using Guid(ed910b2b3938b22498d0e2a6dd16ac27) Importer(815301076,1909f56bfc062723c751e8b465ee728b)  -> (artifact id: '717fc1994f6ee0a2419bfa429262cc81') in 0.016994 seconds
  Import took 0.020709 seconds .

========================================================================
Received Import Request.
  Time since last request: 0.000330 seconds.
  path: Assets/Sounds/snd_boss_fire.ogg
  artifactKey: Guid(6b85056d749d67445a1d831e3ecaa9bf) Importer(815301076,1909f56bfc062723c751e8b465ee728b)
Start importing Assets/Sounds/snd_boss_fire.ogg using Guid(6b85056d749d67445a1d831e3ecaa9bf) Importer(815301076,1909f56bfc062723c751e8b465ee728b)  -> (artifact id: '87e2edebbd1839e2f9ef426f23f5e73c') in 0.017224 seconds
  Import took 0.020584 seconds .

========================================================================
Received Import Request.
  Time since last request: 0.000285 seconds.
  path: Assets/Sounds/snd_jump_hump.ogg
  artifactKey: Guid(623d8bad6db8ceb46be846565556cd47) Importer(815301076,1909f56bfc062723c751e8b465ee728b)
Start importing Assets/Sounds/snd_jump_hump.ogg using Guid(623d8bad6db8ceb46be846565556cd47) Importer(815301076,1909f56bfc062723c751e8b465ee728b)  -> (artifact id: 'ee6b26d663fa222f4fc14cdfc0747b32') in 0.017126 seconds
  Import took 0.020337 seconds .

========================================================================
Received Import Request.
  Time since last request: 0.000356 seconds.
  path: Assets/Sounds/snd_boss_laser.ogg
  artifactKey: Guid(f4f1080a90bf4464e80b5b4523226734) Importer(815301076,1909f56bfc062723c751e8b465ee728b)
Start importing Assets/Sounds/snd_boss_laser.ogg using Guid(f4f1080a90bf4464e80b5b4523226734) Importer(815301076,1909f56bfc062723c751e8b465ee728b)  -> (artifact id: '51e3fcfffe4b8ec08799f44d7112cc00') in 0.016848 seconds
  Import took 0.020134 seconds .

========================================================================
Received Import Request.
  Time since last request: 0.000319 seconds.
  path: Assets/Sounds/snd_click.ogg
  artifactKey: Guid(a55565a8fcf658b4aa37264ff9ea657f) Importer(815301076,1909f56bfc062723c751e8b465ee728b)
Start importing Assets/Sounds/snd_click.ogg using Guid(a55565a8fcf658b4aa37264ff9ea657f) Importer(815301076,1909f56bfc062723c751e8b465ee728b)  -> (artifact id: '76405ee1b2ad66dbbb565d06cc129b7e') in 0.016183 seconds
  Import took 0.020027 seconds .

========================================================================
Received Import Request.
  Time since last request: 0.000392 seconds.
  path: Assets/Sounds/snd_jump.ogg
  artifactKey: Guid(be799ed311206ca49ad122147dde0122) Importer(815301076,1909f56bfc062723c751e8b465ee728b)
Start importing Assets/Sounds/snd_jump.ogg using Guid(be799ed311206ca49ad122147dde0122) Importer(815301076,1909f56bfc062723c751e8b465ee728b)  -> (artifact id: '88d84794d7126b43a0294be05759f5f1') in 0.016620 seconds
  Import took 0.019938 seconds .

========================================================================
Received Import Request.
  Time since last request: 0.000293 seconds.
  path: Assets/Sounds/snd_explosion_air.ogg
  artifactKey: Guid(bd9998bd60c8d224f84a55e41b329068) Importer(815301076,1909f56bfc062723c751e8b465ee728b)
Start importing Assets/Sounds/snd_explosion_air.ogg using Guid(bd9998bd60c8d224f84a55e41b329068) Importer(815301076,1909f56bfc062723c751e8b465ee728b)  -> (artifact id: '31378a29303bbe056649d6fae47f3045') in 0.017203 seconds
  Import took 0.020622 seconds .

========================================================================
Received Import Request.
  Time since last request: 14.673570 seconds.
  path: Assets/Pal
  artifactKey: Guid(08951e95faecab44ea8c36901bd2ff20) Importer(815301076,1909f56bfc062723c751e8b465ee728b)
Start importing Assets/Pal using Guid(08951e95faecab44ea8c36901bd2ff20) Importer(815301076,1909f56bfc062723c751e8b465ee728b)  -> (artifact id: '9204c2760493c7831adc0b06429b6c8f') in 0.009099 seconds
  Import took 0.012806 seconds .

========================================================================
Received Import Request.
  Time since last request: 6.507014 seconds.
  path: Assets/Palette
  artifactKey: Guid(08951e95faecab44ea8c36901bd2ff20) Importer(815301076,1909f56bfc062723c751e8b465ee728b)
Start importing Assets/Palette using Guid(08951e95faecab44ea8c36901bd2ff20) Importer(815301076,1909f56bfc062723c751e8b465ee728b)  -> (artifact id: '5e253d3c725d668741d1a9011163c125') in 0.009305 seconds
  Import took 0.014236 seconds .

========================================================================
Received Import Request.
  Time since last request: 23.235816 seconds.
  path: Assets/SpriteSheets/tiles_spritesheet.png
  artifactKey: Guid(d0ea16c9f68ca864a834651a07ff2f60) Importer(815301076,1909f56bfc062723c751e8b465ee728b)
Start importing Assets/SpriteSheets/tiles_spritesheet.png using Guid(d0ea16c9f68ca864a834651a07ff2f60) Importer(815301076,1909f56bfc062723c751e8b465ee728b)  -> (artifact id: '138d9e15e13177773da94f05ce4aa0c5') in 0.014055 seconds
  Import took 0.017729 seconds .

========================================================================
Received Import Request.
  Time since last request: 0.135867 seconds.
  path: Assets/SpriteSheets/tiles_spritesheet.png
  artifactKey: Guid(d0ea16c9f68ca864a834651a07ff2f60) Importer(815301076,1909f56bfc062723c751e8b465ee728b)
Start importing Assets/SpriteSheets/tiles_spritesheet.png using Guid(d0ea16c9f68ca864a834651a07ff2f60) Importer(815301076,1909f56bfc062723c751e8b465ee728b)  -> (artifact id: '138d9e15e13177773da94f05ce4aa0c5') in 0.017444 seconds
  Import took 0.023163 seconds .

========================================================================
Received Import Request.
  Time since last request: 170.665146 seconds.
  path: Assets/SpriteSheets/tiles_spritesheet.png
  artifactKey: Guid(d0ea16c9f68ca864a834651a07ff2f60) Importer(815301076,1909f56bfc062723c751e8b465ee728b)
Start importing Assets/SpriteSheets/tiles_spritesheet.png using Guid(d0ea16c9f68ca864a834651a07ff2f60) Importer(815301076,1909f56bfc062723c751e8b465ee728b)  -> (artifact id: 'aa75ccf5d84f007421f162fe5bd80b33') in 0.114130 seconds
  Import took 0.118325 seconds .

========================================================================
Received Import Request.
  Time since last request: 136.786773 seconds.
  path: Assets/SpriteSheets/tiles_spritesheet.png
  artifactKey: Guid(d0ea16c9f68ca864a834651a07ff2f60) Importer(815301076,1909f56bfc062723c751e8b465ee728b)
Start importing Assets/SpriteSheets/tiles_spritesheet.png using Guid(d0ea16c9f68ca864a834651a07ff2f60) Importer(815301076,1909f56bfc062723c751e8b465ee728b)  -> (artifact id: '7efba53f3abbf987f0269b9173532d7f') in 0.136332 seconds
  Import took 0.140898 seconds .

========================================================================
Received Import Request.
  Time since last request: 0.000531 seconds.
  path: Assets/SpriteSheets/tiles_spritesheet.png
  artifactKey: Guid(d0ea16c9f68ca864a834651a07ff2f60) Importer(815301076,1909f56bfc062723c751e8b465ee728b)
Start importing Assets/SpriteSheets/tiles_spritesheet.png using Guid(d0ea16c9f68ca864a834651a07ff2f60) Importer(815301076,1909f56bfc062723c751e8b465ee728b)  -> (artifact id: '7efba53f3abbf987f0269b9173532d7f') in 0.138461 seconds
  Import took 0.142637 seconds .

========================================================================
Received Import Request.
  Time since last request: 684.277616 seconds.
  path: Assets/SpriteSheets/fx
  artifactKey: Guid(a0f6e64fefddd3146a722102734a6eb7) Importer(815301076,1909f56bfc062723c751e8b465ee728b)
Start importing Assets/SpriteSheets/fx using Guid(a0f6e64fefddd3146a722102734a6eb7) Importer(815301076,1909f56bfc062723c751e8b465ee728b)  -> (artifact id: 'd9752e8063c128969f13792837357226') in 0.008905 seconds
  Import took 0.013884 seconds .

========================================================================
Received Import Request.
  Time since last request: 0.690151 seconds.
  path: Assets/SpriteSheets/player
  artifactKey: Guid(f5b3833085bd2e34f84ceec434368933) Importer(815301076,1909f56bfc062723c751e8b465ee728b)
Start importing Assets/SpriteSheets/player using Guid(f5b3833085bd2e34f84ceec434368933) Importer(815301076,1909f56bfc062723c751e8b465ee728b)  -> (artifact id: '01bfa2b3f409bba8df494013d1cb66bf') in 0.011937 seconds
  Import took 0.015661 seconds .

========================================================================
Received Import Request.
  Time since last request: 33.264978 seconds.
  path: Assets/SpriteSheets/player/john_idle.png
  artifactKey: Guid(46977453f0037ee4d92bce992912cff5) Importer(815301076,1909f56bfc062723c751e8b465ee728b)
Start importing Assets/SpriteSheets/player/john_idle.png using Guid(46977453f0037ee4d92bce992912cff5) Importer(815301076,1909f56bfc062723c751e8b465ee728b)  -> (artifact id: '8889bc28cc93db8d1d0f8183ee8ed57c') in 0.017881 seconds
  Import took 0.021719 seconds .

========================================================================
Received Import Request.
  Time since last request: 13.561727 seconds.
  path: Assets/SpriteSheets/player/john_idle.png
  artifactKey: Guid(46977453f0037ee4d92bce992912cff5) Importer(815301076,1909f56bfc062723c751e8b465ee728b)
Start importing Assets/SpriteSheets/player/john_idle.png using Guid(46977453f0037ee4d92bce992912cff5) Importer(815301076,1909f56bfc062723c751e8b465ee728b)  -> (artifact id: '307902b3e1829404fa62eb683fbb3a64') in 0.013079 seconds
  Import took 0.017646 seconds .

========================================================================
Received Import Request.
  Time since last request: 0.020578 seconds.
  path: Assets/SpriteSheets/player/john_idle.png
  artifactKey: Guid(46977453f0037ee4d92bce992912cff5) Importer(815301076,1909f56bfc062723c751e8b465ee728b)
Start importing Assets/SpriteSheets/player/john_idle.png using Guid(46977453f0037ee4d92bce992912cff5) Importer(815301076,1909f56bfc062723c751e8b465ee728b)  -> (artifact id: '307902b3e1829404fa62eb683fbb3a64') in 0.011307 seconds
  Import took 0.016345 seconds .

========================================================================
Received Import Request.
  Time since last request: 11.100999 seconds.
  path: Assets/SpriteSheets/player/john_idle.png
  artifactKey: Guid(46977453f0037ee4d92bce992912cff5) Importer(815301076,1909f56bfc062723c751e8b465ee728b)
Start importing Assets/SpriteSheets/player/john_idle.png using Guid(46977453f0037ee4d92bce992912cff5) Importer(815301076,1909f56bfc062723c751e8b465ee728b)  -> (artifact id: '4c470c62f52aabf8535c635d5b4ccde4') in 0.025658 seconds
  Import took 0.031775 seconds .

========================================================================
Received Prepare
Registering precompiled user dll's ...
Registered in 0.001784 seconds.
Begin MonoManager ReloadAssembly
Native extension for WindowsStandalone target not found
Refreshing native plugins compatible for Editor in 0.60 ms, found 1 plugins.
Preloading 0 native plugins for Editor in 0.00 ms.
Invoked RoslynAnalysisRunner static constructor.
RoslynAnalysisRunner will not be running.
RoslynAnalysisRunner has terminated.
Mono: successfully reloaded assembly
- Completed reload, in  1.502 seconds
Platform modules already initialized, skipping
Switching build target platform(5) subTarget(0) extendedPlatform(0) -> platform(13) subTarget(537395200) extendedPlatform(0)
Refreshing native plugins compatible for Editor in 0.58 ms, found 1 plugins.
Preloading 0 native plugins for Editor in 0.00 ms.
Unloading 1790 Unused Serialized files (Serialized files now loaded: 0)
System memory in use before: 87.5 MB.
System memory in use after: 87.5 MB.

Unloading 11 unused Assets to reduce memory usage. Loaded Objects now: 2284.
Total: 4.060500 ms (FindLiveObjects: 0.355100 ms CreateObjectMapping: 0.084500 ms MarkObjects: 3.479000 ms  DeleteObjects: 0.140500 ms)

AssetImportParameters requested are different than current active one (requested -> active):
  custom:graphics/normal-map-encoding: 01000000000000000000000000000000 -> 02000000000000000000000000000000
========================================================================
Received Prepare
Registering precompiled user dll's ...
Registered in 0.001736 seconds.
Begin MonoManager ReloadAssembly
Native extension for WindowsStandalone target not found
Refreshing native plugins compatible for Editor in 0.62 ms, found 1 plugins.
Preloading 0 native plugins for Editor in 0.00 ms.
Invoked RoslynAnalysisRunner static constructor.
RoslynAnalysisRunner will not be running.
RoslynAnalysisRunner has terminated.
Mono: successfully reloaded assembly
- Completed reload, in  1.498 seconds
Platform modules already initialized, skipping
Switching build target platform(5) subTarget(0) extendedPlatform(0) -> platform(13) subTarget(537395200) extendedPlatform(0)
Refreshing native plugins compatible for Editor in 0.61 ms, found 1 plugins.
Preloading 0 native plugins for Editor in 0.00 ms.
Unloading 1790 Unused Serialized files (Serialized files now loaded: 0)
System memory in use before: 87.6 MB.
System memory in use after: 87.6 MB.

Unloading 11 unused Assets to reduce memory usage. Loaded Objects now: 2287.
Total: 3.193000 ms (FindLiveObjects: 0.558500 ms CreateObjectMapping: 0.107100 ms MarkObjects: 2.391300 ms  DeleteObjects: 0.134000 ms)

AssetImportParameters requested are different than current active one (requested -> active):
  custom:graphics/normal-map-encoding: 01000000000000000000000000000000 -> 02000000000000000000000000000000
========================================================================
Received Prepare
Registering precompiled user dll's ...
Registered in 0.001698 seconds.
Begin MonoManager ReloadAssembly
Native extension for WindowsStandalone target not found
Refreshing native plugins compatible for Editor in 0.56 ms, found 1 plugins.
Preloading 0 native plugins for Editor in 0.00 ms.
Invoked RoslynAnalysisRunner static constructor.
RoslynAnalysisRunner will not be running.
RoslynAnalysisRunner has terminated.
Mono: successfully reloaded assembly
- Completed reload, in  1.366 seconds
Platform modules already initialized, skipping
Switching build target platform(5) subTarget(0) extendedPlatform(0) -> platform(13) subTarget(537395200) extendedPlatform(0)
Refreshing native plugins compatible for Editor in 0.58 ms, found 1 plugins.
Preloading 0 native plugins for Editor in 0.00 ms.
Unloading 1790 Unused Serialized files (Serialized files now loaded: 0)
System memory in use before: 87.6 MB.
System memory in use after: 87.7 MB.

Unloading 11 unused Assets to reduce memory usage. Loaded Objects now: 2290.
Total: 2.669600 ms (FindLiveObjects: 0.347100 ms CreateObjectMapping: 0.087800 ms MarkObjects: 2.103100 ms  DeleteObjects: 0.130500 ms)

AssetImportParameters requested are different than current active one (requested -> active):
  custom:graphics/normal-map-encoding: 01000000000000000000000000000000 -> 02000000000000000000000000000000
========================================================================
Received Prepare
Registering precompiled user dll's ...
Registered in 0.001703 seconds.
Begin MonoManager ReloadAssembly
Native extension for WindowsStandalone target not found
Refreshing native plugins compatible for Editor in 0.58 ms, found 1 plugins.
Preloading 0 native plugins for Editor in 0.00 ms.
Invoked RoslynAnalysisRunner static constructor.
RoslynAnalysisRunner will not be running.
RoslynAnalysisRunner has terminated.
Mono: successfully reloaded assembly
- Completed reload, in  1.318 seconds
Platform modules already initialized, skipping
Switching build target platform(5) subTarget(0) extendedPlatform(0) -> platform(13) subTarget(537395200) extendedPlatform(0)
Refreshing native plugins compatible for Editor in 0.60 ms, found 1 plugins.
Preloading 0 native plugins for Editor in 0.00 ms.
Unloading 1790 Unused Serialized files (Serialized files now loaded: 0)
System memory in use before: 87.7 MB.
System memory in use after: 87.7 MB.

Unloading 11 unused Assets to reduce memory usage. Loaded Objects now: 2293.
Total: 2.895700 ms (FindLiveObjects: 0.341600 ms CreateObjectMapping: 0.084400 ms MarkObjects: 2.325100 ms  DeleteObjects: 0.143200 ms)

AssetImportParameters requested are different than current active one (requested -> active):
  custom:graphics/normal-map-encoding: 01000000000000000000000000000000 -> 02000000000000000000000000000000
========================================================================
Received Prepare
Registering precompiled user dll's ...
Registered in 0.001647 seconds.
Begin MonoManager ReloadAssembly
Native extension for WindowsStandalone target not found
Refreshing native plugins compatible for Editor in 0.86 ms, found 1 plugins.
Preloading 0 native plugins for Editor in 0.00 ms.
Invoked RoslynAnalysisRunner static constructor.
RoslynAnalysisRunner will not be running.
RoslynAnalysisRunner has terminated.
Mono: successfully reloaded assembly
- Completed reload, in  1.620 seconds
Platform modules already initialized, skipping
Switching build target platform(5) subTarget(0) extendedPlatform(0) -> platform(13) subTarget(537395200) extendedPlatform(0)
Refreshing native plugins compatible for Editor in 0.57 ms, found 1 plugins.
Preloading 0 native plugins for Editor in 0.00 ms.
Unloading 1790 Unused Serialized files (Serialized files now loaded: 0)
System memory in use before: 87.8 MB.
System memory in use after: 87.8 MB.

Unloading 11 unused Assets to reduce memory usage. Loaded Objects now: 2296.
Total: 2.864700 ms (FindLiveObjects: 0.373100 ms CreateObjectMapping: 0.084100 ms MarkObjects: 2.280700 ms  DeleteObjects: 0.124600 ms)

AssetImportParameters requested are different than current active one (requested -> active):
  custom:graphics/normal-map-encoding: 01000000000000000000000000000000 -> 02000000000000000000000000000000
========================================================================
Received Prepare
Registering precompiled user dll's ...
Registered in 0.001619 seconds.
Begin MonoManager ReloadAssembly
Native extension for WindowsStandalone target not found
Refreshing native plugins compatible for Editor in 0.56 ms, found 1 plugins.
Preloading 0 native plugins for Editor in 0.00 ms.
Invoked RoslynAnalysisRunner static constructor.
RoslynAnalysisRunner will not be running.
RoslynAnalysisRunner has terminated.
Mono: successfully reloaded assembly
- Completed reload, in  1.316 seconds
Platform modules already initialized, skipping
Switching build target platform(5) subTarget(0) extendedPlatform(0) -> platform(13) subTarget(537395200) extendedPlatform(0)
Refreshing native plugins compatible for Editor in 0.55 ms, found 1 plugins.
Preloading 0 native plugins for Editor in 0.00 ms.
Unloading 1790 Unused Serialized files (Serialized files now loaded: 0)
System memory in use before: 87.8 MB.
System memory in use after: 87.8 MB.

Unloading 11 unused Assets to reduce memory usage. Loaded Objects now: 2299.
Total: 2.789700 ms (FindLiveObjects: 0.476300 ms CreateObjectMapping: 0.117700 ms MarkObjects: 2.055800 ms  DeleteObjects: 0.138400 ms)

AssetImportParameters requested are different than current active one (requested -> active):
  custom:graphics/normal-map-encoding: 01000000000000000000000000000000 -> 02000000000000000000000000000000
========================================================================
Received Prepare
Registering precompiled user dll's ...
Registered in 0.001623 seconds.
Begin MonoManager ReloadAssembly
Native extension for WindowsStandalone target not found
Refreshing native plugins compatible for Editor in 0.54 ms, found 1 plugins.
Preloading 0 native plugins for Editor in 0.00 ms.
Invoked RoslynAnalysisRunner static constructor.
RoslynAnalysisRunner will not be running.
RoslynAnalysisRunner has terminated.
Mono: successfully reloaded assembly
- Completed reload, in  1.360 seconds
Platform modules already initialized, skipping
Switching build target platform(5) subTarget(0) extendedPlatform(0) -> platform(13) subTarget(537395200) extendedPlatform(0)
Refreshing native plugins compatible for Editor in 0.58 ms, found 1 plugins.
Preloading 0 native plugins for Editor in 0.00 ms.
Unloading 1790 Unused Serialized files (Serialized files now loaded: 0)
System memory in use before: 87.9 MB.
System memory in use after: 87.9 MB.

Unloading 11 unused Assets to reduce memory usage. Loaded Objects now: 2302.
Total: 2.692900 ms (FindLiveObjects: 0.381300 ms CreateObjectMapping: 0.087100 ms MarkObjects: 2.090200 ms  DeleteObjects: 0.132700 ms)

AssetImportParameters requested are different than current active one (requested -> active):
  custom:graphics/normal-map-encoding: 01000000000000000000000000000000 -> 02000000000000000000000000000000
========================================================================
Received Prepare
Registering precompiled user dll's ...
Registered in 0.001618 seconds.
Begin MonoManager ReloadAssembly
Native extension for WindowsStandalone target not found
Refreshing native plugins compatible for Editor in 0.58 ms, found 1 plugins.
Preloading 0 native plugins for Editor in 0.00 ms.
Invoked RoslynAnalysisRunner static constructor.
RoslynAnalysisRunner will not be running.
RoslynAnalysisRunner has terminated.
Mono: successfully reloaded assembly
- Completed reload, in  1.371 seconds
Platform modules already initialized, skipping
Switching build target platform(5) subTarget(0) extendedPlatform(0) -> platform(13) subTarget(537395200) extendedPlatform(0)
Refreshing native plugins compatible for Editor in 0.54 ms, found 1 plugins.
Preloading 0 native plugins for Editor in 0.00 ms.
Unloading 1790 Unused Serialized files (Serialized files now loaded: 0)
System memory in use before: 87.9 MB.
System memory in use after: 87.9 MB.

Unloading 11 unused Assets to reduce memory usage. Loaded Objects now: 2305.
Total: 2.746000 ms (FindLiveObjects: 0.378200 ms CreateObjectMapping: 0.091900 ms MarkObjects: 2.132800 ms  DeleteObjects: 0.141700 ms)

AssetImportParameters requested are different than current active one (requested -> active):
  custom:graphics/normal-map-encoding: 01000000000000000000000000000000 -> 02000000000000000000000000000000
========================================================================
Received Prepare
Registering precompiled user dll's ...
Registered in 0.001695 seconds.
Begin MonoManager ReloadAssembly
Native extension for WindowsStandalone target not found
Refreshing native plugins compatible for Editor in 0.59 ms, found 1 plugins.
Preloading 0 native plugins for Editor in 0.00 ms.
Invoked RoslynAnalysisRunner static constructor.
RoslynAnalysisRunner will not be running.
RoslynAnalysisRunner has terminated.
Mono: successfully reloaded assembly
- Completed reload, in  1.483 seconds
Platform modules already initialized, skipping
Switching build target platform(5) subTarget(0) extendedPlatform(0) -> platform(13) subTarget(537395200) extendedPlatform(0)
Refreshing native plugins compatible for Editor in 0.61 ms, found 1 plugins.
Preloading 0 native plugins for Editor in 0.00 ms.
Unloading 1790 Unused Serialized files (Serialized files now loaded: 0)
System memory in use before: 88.0 MB.
System memory in use after: 88.0 MB.

Unloading 11 unused Assets to reduce memory usage. Loaded Objects now: 2308.
Total: 4.610600 ms (FindLiveObjects: 0.372100 ms CreateObjectMapping: 0.086000 ms MarkObjects: 3.995400 ms  DeleteObjects: 0.155500 ms)

AssetImportParameters requested are different than current active one (requested -> active):
  custom:graphics/normal-map-encoding: 01000000000000000000000000000000 -> 02000000000000000000000000000000
========================================================================
Received Prepare
Registering precompiled user dll's ...
Registered in 0.002902 seconds.
Begin MonoManager ReloadAssembly
Native extension for WindowsStandalone target not found
Refreshing native plugins compatible for Editor in 0.58 ms, found 1 plugins.
Preloading 0 native plugins for Editor in 0.00 ms.
Invoked RoslynAnalysisRunner static constructor.
RoslynAnalysisRunner will not be running.
RoslynAnalysisRunner has terminated.
Mono: successfully reloaded assembly
- Completed reload, in  1.501 seconds
Platform modules already initialized, skipping
Switching build target platform(5) subTarget(0) extendedPlatform(0) -> platform(13) subTarget(537395200) extendedPlatform(0)
Refreshing native plugins compatible for Editor in 0.55 ms, found 1 plugins.
Preloading 0 native plugins for Editor in 0.00 ms.
Unloading 1790 Unused Serialized files (Serialized files now loaded: 0)
System memory in use before: 88.0 MB.
System memory in use after: 88.1 MB.

Unloading 11 unused Assets to reduce memory usage. Loaded Objects now: 2311.
Total: 2.695400 ms (FindLiveObjects: 0.358900 ms CreateObjectMapping: 0.084900 ms MarkObjects: 2.107000 ms  DeleteObjects: 0.143500 ms)

AssetImportParameters requested are different than current active one (requested -> active):
  custom:graphics/normal-map-encoding: 01000000000000000000000000000000 -> 02000000000000000000000000000000
AssetImportWorkerClient::OnTransportError - code=2 error=End of file
